<?xml version="1.0" encoding="UTF-8"?>
<testsuite name="com.uploadexcel.flutter.demo.DemoApplicationTests" tests="1" skipped="0" failures="0" errors="0" timestamp="2023-12-17T03:23:35" hostname="Larrys-MacBook-Air.local" time="0.421">
  <properties/>
  <testcase name="contextLoads()" classname="com.uploadexcel.flutter.demo.DemoApplicationTests" time="0.421"/>
  <system-out><![CDATA[11:23:34.823 [Test worker] INFO org.springframework.test.context.support.AnnotationConfigContextLoaderUtils -- Could not detect default configuration classes for test class [com.uploadexcel.flutter.demo.DemoApplicationTests]: DemoApplicationTests does not declare any static, non-private, non-final, nested classes annotated with @Configuration.
11:23:34.862 [Test worker] INFO org.springframework.boot.test.context.SpringBootTestContextBootstrapper -- Found @SpringBootConfiguration com.uploadexcel.flutter.demo.DemoApplication for test class com.uploadexcel.flutter.demo.DemoApplicationTests

  .   ____          _            __ _ _
 /\\ / ___'_ __ _ _(_)_ __  __ _ \ \ \ \
( ( )\___ | '_ | '_| | '_ \/ _` | \ \ \ \
 \\/  ___)| |_)| | | | | || (_| |  ) ) ) )
  '  |____| .__|_| |_|_| |_\__, | / / / /
 =========|_|==============|___/=/_/_/_/
 :: Spring Boot ::       (v3.2.1-SNAPSHOT)

2023-12-17T11:23:34.981+08:00  INFO 29404 --- [    Test worker] c.u.flutter.demo.DemoApplicationTests    : Starting DemoApplicationTests using Java 21.0.1 with PID 29404 (started by larrylo in /Users/larrylo/springboot_fileupload)
2023-12-17T11:23:34.982+08:00  INFO 29404 --- [    Test worker] c.u.flutter.demo.DemoApplicationTests    : No active profile set, falling back to 1 default profile: "default"
2023-12-17T11:23:35.355+08:00  INFO 29404 --- [    Test worker] c.u.flutter.demo.DemoApplicationTests    : Started DemoApplicationTests in 0.448 seconds (process running for 0.864)
]]></system-out>
  <system-err><![CDATA[WARNING: A Java agent has been loaded dynamically (/Users/larrylo/.gradle/caches/modules-2/files-2.1/net.bytebuddy/byte-buddy-agent/1.14.10/90ed94ac044ea8953b224304c762316e91fd6b31/byte-buddy-agent-1.14.10.jar)
WARNING: If a serviceability tool is in use, please run with -XX:+EnableDynamicAgentLoading to hide this warning
WARNING: If a serviceability tool is not in use, please run with -Djdk.instrument.traceUsage for more information
WARNING: Dynamic loading of agents will be disallowed by default in a future release
]]></system-err>
</testsuite>
